[Thu Jul 31 2014 21:40:08 GMT+0800 (中国标准时间)] /
SyntaxError: Unexpected token ; in "D:\\nodeproject\\N-blog-master\\views\\index.ejs"
    at Object.Function (<anonymous>)
    at exports.compile (D:\nodeproject\N-blog-master\node_modules\ejs\lib\ejs.js:236:14)
    at Object.exports.render (D:\nodeproject\N-blog-master\node_modules\ejs\lib\ejs.js:283:10)
    at View.exports.renderFile [as engine] (D:\nodeproject\N-blog-master\node_modules\ejs\lib\ejs.js:317:20)
    at View.render (D:\nodeproject\N-blog-master\node_modules\express\lib\view.js:76:8)
    at Function.app.render (D:\nodeproject\N-blog-master\node_modules\express\lib\application.js:504:10)
    at ServerResponse.res.render (D:\nodeproject\N-blog-master\node_modules\express\lib\response.js:801:7)
    at D:\nodeproject\N-blog-master\routes\index.js:16:11
    at D:\nodeproject\N-blog-master\models\post.js:97:11
    at D:\nodeproject\N-blog-master\node_modules\mongodb\lib\mongodb\cursor.js:158:16
[Thu Jul 31 2014 21:40:08 GMT+0800 (中国标准时间)] /
SyntaxError: Unexpected token ; in "D:\\nodeproject\\N-blog-master\\views\\index.ejs"
    at Object.Function (<anonymous>)
    at exports.compile (D:\nodeproject\N-blog-master\node_modules\ejs\lib\ejs.js:236:14)
    at Object.exports.render (D:\nodeproject\N-blog-master\node_modules\ejs\lib\ejs.js:283:10)
    at View.exports.renderFile [as engine] (D:\nodeproject\N-blog-master\node_modules\ejs\lib\ejs.js:317:20)
    at View.render (D:\nodeproject\N-blog-master\node_modules\express\lib\view.js:76:8)
    at Function.app.render (D:\nodeproject\N-blog-master\node_modules\express\lib\application.js:504:10)
    at ServerResponse.res.render (D:\nodeproject\N-blog-master\node_modules\express\lib\response.js:801:7)
    at D:\nodeproject\N-blog-master\routes\index.js:16:11
    at D:\nodeproject\N-blog-master\models\post.js:97:11
    at D:\nodeproject\N-blog-master\node_modules\mongodb\lib\mongodb\cursor.js:158:16
[Thu Jul 31 2014 21:40:12 GMT+0800 (中国标准时间)] /
SyntaxError: Unexpected token ; in "D:\\nodeproject\\N-blog-master\\views\\index.ejs"
    at Object.Function (<anonymous>)
    at exports.compile (D:\nodeproject\N-blog-master\node_modules\ejs\lib\ejs.js:236:14)
    at Object.exports.render (D:\nodeproject\N-blog-master\node_modules\ejs\lib\ejs.js:283:10)
    at View.exports.renderFile [as engine] (D:\nodeproject\N-blog-master\node_modules\ejs\lib\ejs.js:317:20)
    at View.render (D:\nodeproject\N-blog-master\node_modules\express\lib\view.js:76:8)
    at Function.app.render (D:\nodeproject\N-blog-master\node_modules\express\lib\application.js:504:10)
    at ServerResponse.res.render (D:\nodeproject\N-blog-master\node_modules\express\lib\response.js:801:7)
    at D:\nodeproject\N-blog-master\routes\index.js:16:11
    at D:\nodeproject\N-blog-master\models\post.js:97:11
    at D:\nodeproject\N-blog-master\node_modules\mongodb\lib\mongodb\cursor.js:158:16
[Fri Aug 01 2014 12:37:47 GMT+0800 (中国标准时间)] /
Error: Error setting TTL index on collection : sessions <Error: no open connections>
    at D:\nodeproject\N-blog-master\node_modules\connect-mongo\lib\connect-mongo.js:139:23
    at D:\nodeproject\N-blog-master\node_modules\connect-mongo\node_modules\mongodb\lib\mongodb\db.js:1227:28
    at D:\nodeproject\N-blog-master\node_modules\connect-mongo\node_modules\mongodb\lib\mongodb\db.js:1371:30
    at D:\nodeproject\N-blog-master\node_modules\connect-mongo\node_modules\mongodb\lib\mongodb\cursor.js:156:22
    at commandHandler (D:\nodeproject\N-blog-master\node_modules\connect-mongo\node_modules\mongodb\lib\mongodb\cursor.js:608:48)
    at Db._executeQueryCommand (D:\nodeproject\N-blog-master\node_modules\connect-mongo\node_modules\mongodb\lib\mongodb\db.js:1705:12)
    at Cursor.nextObject (D:\nodeproject\N-blog-master\node_modules\connect-mongo\node_modules\mongodb\lib\mongodb\cursor.js:649:13)
    at Cursor.toArray (D:\nodeproject\N-blog-master\node_modules\connect-mongo\node_modules\mongodb\lib\mongodb\cursor.js:155:10)
    at D:\nodeproject\N-blog-master\node_modules\connect-mongo\node_modules\mongodb\lib\mongodb\db.js:1370:65
    at Db.collection (D:\nodeproject\N-blog-master\node_modules\connect-mongo\node_modules\mongodb\lib\mongodb\db.js:484:44)
